Sending build context to Docker daemon 10.75 kB
Sending build context to Docker daemon 
Step 0 : FROM ubuntu:15.10
 ---> 337d0fd75c93
Step 1 : RUN apt-get -qq update
 ---> Using cache
 ---> 2e2680e4e1a6
Step 2 : RUN mkdir -p /user/src/app
 ---> Using cache
 ---> 1ab14fd3c2da
Step 3 : WORKDIR /user/src/app/
 ---> Using cache
 ---> 4d0265798ed7
Step 4 : ADD setup setup
 ---> Using cache
 ---> 03ae79704dfc
Step 5 : RUN chmod +x setup/*.sh
 ---> Using cache
 ---> c285e87e7e33
Step 6 : RUN setup/01_install.sh
 ---> Using cache
 ---> b585174221a4
Step 7 : WORKDIR /user/src/app/cp-local-development
 ---> Running in 8063b34cb6f9
 ---> 4a3c1d471d1d
Removing intermediate container 8063b34cb6f9
Successfully built 4a3c1d471d1d
Sending build context to Docker daemon 3.072 kB
Sending build context to Docker daemon 
Step 0 : FROM postgres:9.4
9.4: Pulling from postgres
5679b9b90e09: Pulling fs layer
ea6bab360f56: Pulling fs layer
297be4c25abe: Pulling fs layer
ea811b679056: Pulling fs layer
aa74a5da5e88: Pulling fs layer
0c03a9048f7b: Pulling fs layer
f6320c02b44e: Pulling fs layer
15d95567d104: Pulling fs layer
555db86b71ac: Pulling fs layer
4726c947d573: Pulling fs layer
9a250f27374c: Pulling fs layer
45915a17eb4d: Pulling fs layer
1e0321bf5c1c: Pulling fs layer
107e2325fab9: Pulling fs layer
b3d4b3fce6f5: Pulling fs layer
abacc48e74ce: Pulling fs layer
58f0bb6ac1bd: Pulling fs layer
607908b32134: Pulling fs layer
5902e7d79bf3: Pulling fs layer
3c4733d04894: Pulling fs layer
22b0805a4c50: Pulling fs layer
f6320c02b44e: Verifying Checksum
f6320c02b44e: Download complete
4726c947d573: Verifying Checksum
4726c947d573: Download complete
297be4c25abe: Verifying Checksum
297be4c25abe: Download complete
ea6bab360f56: Verifying Checksum
ea6bab360f56: Download complete
abacc48e74ce: Verifying Checksum
abacc48e74ce: Download complete
107e2325fab9: Verifying Checksum
107e2325fab9: Download complete
58f0bb6ac1bd: Verifying Checksum
58f0bb6ac1bd: Download complete
3c4733d04894: Verifying Checksum
3c4733d04894: Download complete
555db86b71ac: Verifying Checksum
555db86b71ac: Download complete
b3d4b3fce6f5: Verifying Checksum
b3d4b3fce6f5: Download complete
45915a17eb4d: Verifying Checksum
45915a17eb4d: Download complete
9a250f27374c: Verifying Checksum
9a250f27374c: Download complete
22b0805a4c50: Verifying Checksum
22b0805a4c50: Download complete
15d95567d104: Verifying Checksum
15d95567d104: Download complete
5902e7d79bf3: Verifying Checksum
5902e7d79bf3: Download complete
607908b32134: Verifying Checksum
607908b32134: Download complete
ea811b679056: Verifying Checksum
ea811b679056: Download complete
aa74a5da5e88: Verifying Checksum
aa74a5da5e88: Download complete
0c03a9048f7b: Verifying Checksum
0c03a9048f7b: Download complete
1e0321bf5c1c: Verifying Checksum
1e0321bf5c1c: Download complete
5679b9b90e09: Verifying Checksum
5679b9b90e09: Download complete
5679b9b90e09: Pull complete
ea6bab360f56: Pull complete
297be4c25abe: Pull complete
ea811b679056: Pull complete
aa74a5da5e88: Pull complete
0c03a9048f7b: Pull complete
f6320c02b44e: Pull complete
15d95567d104: Pull complete
555db86b71ac: Pull complete
4726c947d573: Pull complete
9a250f27374c: Pull complete
45915a17eb4d: Pull complete
1e0321bf5c1c: Pull complete
107e2325fab9: Pull complete
b3d4b3fce6f5: Pull complete
abacc48e74ce: Pull complete
58f0bb6ac1bd: Pull complete
607908b32134: Pull complete
5902e7d79bf3: Pull complete
3c4733d04894: Pull complete
22b0805a4c50: Pull complete
postgres:9.4: The image you are pulling has been verified. Important: image verification is a tech preview feature and should not be relied on to provide security.
Digest: sha256:4b0b882e7d9aa5c6242faa21b4ca12df64dd4f147cf4a07a8dec62a403a3cfba
Status: Downloaded newer image for postgres:9.4
 ---> 22b0805a4c50
Step 1 : ADD init-database.sh /docker-entrypoint-initdb.d/
 ---> b2779d46bf6e
Removing intermediate container 308f18c7344a
Successfully built b2779d46bf6e
